<?xml version="1.0" encoding="UTF-8"?>
<!-- Generated by org.testng.reporters.JUnitXMLReporter -->
<testsuite ignored="1" hostname="LAPTOP-1RGMJ9DD" failures="1" tests="2" name="Test" time="9.235" errors="0" timestamp="2023-09-06T14:50:08 IST">
  <testcase classname="in.mphasis.testsripts.LoginTest" name="Login" time="2.688"/>
  <testcase classname="in.mphasis.testsripts.CookieDemo" name="cookies" time="0.002">
    <failure type="java.lang.NullPointerException" message="Cannot invoke &amp;quot;org.openqa.selenium.WebDriver.manage()&amp;quot; because &amp;quot;this.driver&amp;quot; is null">
      <![CDATA[java.lang.NullPointerException: Cannot invoke "org.openqa.selenium.WebDriver.manage()" because "this.driver" is null
at in.mphasis.testsripts.CookieDemo.cookies(CookieDemo.java:13)
at java.base/java.util.ArrayList.forEach(ArrayList.java:1511)
... Removed 27 stack frames]]>
    </failure>
  </testcase> <!-- cookies -->
  <testcase classname="in.mphasis.testsripts.TestBase" name="@BeforeTest LaunchApplication" time="0.0">
    <ignored/>
  </testcase> <!-- @BeforeTest LaunchApplication -->
</testsuite> <!-- Test -->
