<?xml version="1.0" encoding="UTF-8"?>
<testng-results ignored="0" total="0" passed="0" failed="0" skipped="0">
  <reporter-output>
  </reporter-output>
  <suite started-at="2023-09-05T21:42:14 IST" name="Default suite" finished-at="2023-09-05T21:42:19 IST" duration-ms="4943">
    <groups>
    </groups>
    <test started-at="2023-09-05T21:42:14 IST" name="Default test" finished-at="2023-09-05T21:42:19 IST" duration-ms="4943">
      <class name="in.mphasis.testsripts.ScreenShot">
        <test-method is-config="true" signature="LaunchApplication()[pri:0, instance:in.mphasis.testsripts.ScreenShot@17f62e33]" started-at="2023-09-05T21:42:14 IST" name="LaunchApplication" finished-at="2023-09-05T21:42:19 IST" duration-ms="4929" status="PASS">
          <reporter-output>
          </reporter-output>
        </test-method> <!-- LaunchApplication -->
      </class> <!-- in.mphasis.testsripts.ScreenShot -->
    </test> <!-- Default test -->
  </suite> <!-- Default suite -->
</testng-results>
